{"timestamp":"2025-10-06T17:01:30.094436Z","level":"info","event":"DAG bundles loaded: dags-folder","logger":"airflow.dag_processing.bundles.manager.DagBundlesManager","filename":"manager.py","lineno":179}
{"timestamp":"2025-10-06T17:01:30.101244Z","level":"info","event":"Filling up the DagBag from /opt/airflow/dags/dag_pipeline.py","logger":"airflow.models.dagbag.DagBag","filename":"dagbag.py","lineno":593}
{"timestamp":"2025-10-06T17:01:37.763459Z","level":"info","event":"","logger":"task.stdout"}
{"timestamp":"2025-10-06T17:01:37.764403Z","level":"info","event":"==================================================","logger":"task.stdout"}
{"timestamp":"2025-10-06T17:01:37.764997Z","level":"info","event":"MODEL COMPARISON","logger":"task.stdout"}
{"timestamp":"2025-10-06T17:01:37.765708Z","level":"info","event":"==================================================","logger":"task.stdout"}
{"timestamp":"2025-10-06T17:01:37.766369Z","level":"info","event":"","logger":"task.stdout"}
{"timestamp":"2025-10-06T17:01:37.766806Z","level":"info","event":"RandomForest:","logger":"task.stdout"}
{"timestamp":"2025-10-06T17:01:37.767380Z","level":"info","event":"  Accuracy:  0.9000","logger":"task.stdout"}
{"timestamp":"2025-10-06T17:01:37.767851Z","level":"info","event":"  F1 Score:  0.8997","logger":"task.stdout"}
{"timestamp":"2025-10-06T17:01:37.768360Z","level":"info","event":"  Precision: 0.9024","logger":"task.stdout"}
{"timestamp":"2025-10-06T17:01:37.768786Z","level":"info","event":"  Recall:    0.9000","logger":"task.stdout"}
{"timestamp":"2025-10-06T17:01:37.769260Z","level":"info","event":"","logger":"task.stdout"}
{"timestamp":"2025-10-06T17:01:37.769652Z","level":"info","event":"GradientBoosting:","logger":"task.stdout"}
{"timestamp":"2025-10-06T17:01:37.769954Z","level":"info","event":"  Accuracy:  0.9667","logger":"task.stdout"}
{"timestamp":"2025-10-06T17:01:37.770348Z","level":"info","event":"  F1 Score:  0.9666","logger":"task.stdout"}
{"timestamp":"2025-10-06T17:01:37.770878Z","level":"info","event":"  Precision: 0.9697","logger":"task.stdout"}
{"timestamp":"2025-10-06T17:01:37.771530Z","level":"info","event":"  Recall:    0.9667","logger":"task.stdout"}
{"timestamp":"2025-10-06T17:01:37.772854Z","level":"info","event":"","logger":"task.stdout"}
{"timestamp":"2025-10-06T17:01:37.773643Z","level":"info","event":"LogisticRegression:","logger":"task.stdout"}
{"timestamp":"2025-10-06T17:01:37.774216Z","level":"info","event":"  Accuracy:  0.9333","logger":"task.stdout"}
{"timestamp":"2025-10-06T17:01:37.774558Z","level":"info","event":"  F1 Score:  0.9333","logger":"task.stdout"}
{"timestamp":"2025-10-06T17:01:37.774924Z","level":"info","event":"  Precision: 0.9333","logger":"task.stdout"}
{"timestamp":"2025-10-06T17:01:37.775216Z","level":"info","event":"  Recall:    0.9333","logger":"task.stdout"}
{"timestamp":"2025-10-06T17:01:37.775469Z","level":"info","event":"","logger":"task.stdout"}
{"timestamp":"2025-10-06T17:01:37.775858Z","level":"info","event":"==================================================","logger":"task.stdout"}
{"timestamp":"2025-10-06T17:01:37.776119Z","level":"info","event":"BEST MODEL: GradientBoosting (Accuracy: 0.9667)","logger":"task.stdout"}
{"timestamp":"2025-10-06T17:01:37.776356Z","level":"info","event":"THRESHOLD: 0.9","logger":"task.stdout"}
{"timestamp":"2025-10-06T17:01:37.776587Z","level":"info","event":"==================================================","logger":"task.stdout"}
{"timestamp":"2025-10-06T17:01:37.776817Z","level":"info","event":"","logger":"task.stdout"}
{"timestamp":"2025-10-06T17:01:37.770344Z","level":"info","event":"Done. Returned value was: deploy_model","logger":"airflow.task.operators.airflow.providers.standard.decorators.branch_python._BranchPythonDecoratedOperator","filename":"python.py","lineno":218}
{"timestamp":"2025-10-06T17:01:37.770591Z","level":"info","event":"Branch into deploy_model","logger":"airflow.task.operators.airflow.providers.standard.decorators.branch_python._BranchPythonDecoratedOperator","filename":"branch.py","lineno":44}
{"timestamp":"2025-10-06T17:01:37.771825Z","level":"info","event":"Following branch {'deploy_model'}","logger":"airflow.task.operators.airflow.providers.standard.decorators.branch_python._BranchPythonDecoratedOperator","filename":"skipmixin.py","lineno":152}
{"timestamp":"2025-10-06T17:01:37.773195Z","level":"info","event":"Skipping tasks [('model_needs_improvement', -1)]","logger":"airflow.task.operators.airflow.providers.standard.decorators.branch_python._BranchPythonDecoratedOperator","filename":"skipmixin.py","lineno":191}
{"timestamp":"2025-10-06T17:01:37.795980Z","level":"info","event":"Skipping downstream tasks.","logger":"task","filename":"task_runner.py","lineno":935}
